<?xml version="1.0" encoding="UTF-8"?>
<!-- Generated by org.testng.reporters.JUnitReportReporter -->
<testsuite hostname="DESKTOP-14HCRFP" failures="0" tests="1" name="SpiceJectTest.PassengersDetailsTest" time="76.609" errors="0" timestamp="2024-03-28T11:11:56 IST" skipped="0">
  <testcase classname="SpiceJectTest.PassengersDetailsTest" name="bookOneWayTickect" time="76.609"/>
</testsuite> <!-- SpiceJectTest.PassengersDetailsTest -->
